<?xml version="1.0" encoding="UTF-8"?>
<!-- Generated by org.testng.reporters.JUnitReportReporter -->
<testsuite hostname="DESKTOP-3CA0HJ1" failures="0" tests="1" name="automationTest.E2EScenarioTest" time="49.937" errors="0" timestamp="2025-10-05T02:25:38 EEST" skipped="0">
  <testcase classname="automationTest.E2EScenarioTest" name="E2EScenario" time="49.937"/>
</testsuite> <!-- automationTest.E2EScenarioTest -->
